<?xml version="1.0" encoding="UTF-8"?>
<!-- Generated by org.testng.reporters.JUnitXMLReporter -->
<testsuite ignored="0" hostname="IN-JGTM0F3" failures="0" tests="4" name="Default test" time="1.748" errors="0" timestamp="2023-03-17T12:20:29 IST">
  <testcase classname="pkj1.DynamicJson" name="addBook" time="1.473"/>
  <testcase classname="pkj1.DynamicJson" name="addBook1" time="0.074"/>
  <testcase classname="pkj1.DynamicJson" name="addBook1" time="0.077"/>
  <testcase classname="pkj1.DynamicJson" name="addBookFileData" time="0.079"/>
</testsuite> <!-- Default test -->
